{"/Users/acidlabs/Documents/COTest/interview-coding-test/spec/coTest-30.js":{"path":"/Users/acidlabs/Documents/COTest/interview-coding-test/spec/coTest-30.js","s":{"1":1,"2":1,"3":1,"4":1,"5":1,"6":1,"7":270,"8":1,"9":30,"10":30,"11":30,"12":30},"b":{},"f":{},"fnMap":{},"statementMap":{"1":{"start":{"line":2,"column":0},"end":{"line":2,"column":40}},"2":{"start":{"line":3,"column":0},"end":{"line":3,"column":41}},"3":{"start":{"line":4,"column":0},"end":{"line":4,"column":31}},"4":{"start":{"line":5,"column":0},"end":{"line":15,"column":2}},"5":{"start":{"line":17,"column":0},"end":{"line":17,"column":57}},"6":{"start":{"line":18,"column":0},"end":{"line":20,"column":2}},"7":{"start":{"line":19,"column":2},"end":{"line":19,"column":70}},"8":{"start":{"line":22,"column":0},"end":{"line":27,"column":1}},"9":{"start":{"line":23,"column":2},"end":{"line":23,"column":42}},"10":{"start":{"line":24,"column":2},"end":{"line":24,"column":37}},"11":{"start":{"line":25,"column":2},"end":{"line":25,"column":53}},"12":{"start":{"line":26,"column":2},"end":{"line":26,"column":30}}},"branchMap":{}},"/Users/acidlabs/Documents/COTest/interview-coding-test/src/coTest.js":{"path":"/Users/acidlabs/Documents/COTest/interview-coding-test/src/coTest.js","s":{"1":21,"2":21,"3":21,"4":13,"5":42,"6":282,"7":156,"8":94,"9":94,"10":31,"11":126,"12":126,"13":94,"14":88,"15":94,"16":77,"17":282,"18":220,"19":282,"20":232,"21":202,"22":138,"23":76,"24":64,"25":30,"26":42,"27":1,"28":201,"29":201,"30":201,"31":1,"32":321,"33":321,"34":1,"35":220,"36":1},"b":{"1":[156,126],"2":[282,250],"3":[94,62],"4":[31,63],"5":[94,32],"6":[88,6],"7":[77,17],"8":[220,62],"9":[232,50],"10":[202,30],"11":[138,64],"12":[76,62],"13":[39,162],"14":[271,50]},"f":{"1":21,"2":13,"3":42},"fnMap":{"1":{"name":"(anonymous_1)","line":2,"loc":{"start":{"line":2,"column":13},"end":{"line":2,"column":35}}},"2":{"name":"(anonymous_2)","line":10,"loc":{"start":{"line":10,"column":13},"end":{"line":10,"column":29}}},"3":{"name":"(anonymous_3)","line":14,"loc":{"start":{"line":14,"column":13},"end":{"line":14,"column":16}}}},"statementMap":{"1":{"start":{"line":3,"column":4},"end":{"line":3,"column":21}},"2":{"start":{"line":4,"column":4},"end":{"line":4,"column":25}},"3":{"start":{"line":5,"column":4},"end":{"line":5,"column":23}},"4":{"start":{"line":11,"column":4},"end":{"line":11,"column":29}},"5":{"start":{"line":15,"column":4},"end":{"line":50,"column":5}},"6":{"start":{"line":16,"column":6},"end":{"line":33,"column":7}},"7":{"start":{"line":17,"column":8},"end":{"line":22,"column":9}},"8":{"start":{"line":18,"column":10},"end":{"line":18,"column":65}},"9":{"start":{"line":19,"column":10},"end":{"line":21,"column":11}},"10":{"start":{"line":20,"column":12},"end":{"line":20,"column":67}},"11":{"start":{"line":24,"column":8},"end":{"line":24,"column":65}},"12":{"start":{"line":25,"column":8},"end":{"line":32,"column":9}},"13":{"start":{"line":26,"column":10},"end":{"line":28,"column":11}},"14":{"start":{"line":27,"column":12},"end":{"line":27,"column":69}},"15":{"start":{"line":29,"column":10},"end":{"line":31,"column":11}},"16":{"start":{"line":30,"column":12},"end":{"line":30,"column":70}},"17":{"start":{"line":34,"column":6},"end":{"line":36,"column":7}},"18":{"start":{"line":35,"column":8},"end":{"line":35,"column":67}},"19":{"start":{"line":37,"column":6},"end":{"line":49,"column":7}},"20":{"start":{"line":38,"column":8},"end":{"line":48,"column":9}},"21":{"start":{"line":39,"column":10},"end":{"line":45,"column":11}},"22":{"start":{"line":40,"column":12},"end":{"line":42,"column":13}},"23":{"start":{"line":41,"column":14},"end":{"line":41,"column":69}},"24":{"start":{"line":44,"column":12},"end":{"line":44,"column":39}},"25":{"start":{"line":47,"column":10},"end":{"line":47,"column":67}},"26":{"start":{"line":51,"column":4},"end":{"line":51,"column":25}},"27":{"start":{"line":55,"column":0},"end":{"line":59,"column":1}},"28":{"start":{"line":56,"column":2},"end":{"line":56,"column":50}},"29":{"start":{"line":57,"column":2},"end":{"line":57,"column":21}},"30":{"start":{"line":58,"column":2},"end":{"line":58,"column":11}},"31":{"start":{"line":61,"column":0},"end":{"line":65,"column":1}},"32":{"start":{"line":63,"column":2},"end":{"line":63,"column":63}},"33":{"start":{"line":64,"column":2},"end":{"line":64,"column":11}},"34":{"start":{"line":67,"column":0},"end":{"line":69,"column":1}},"35":{"start":{"line":68,"column":2},"end":{"line":68,"column":26}},"36":{"start":{"line":71,"column":0},"end":{"line":74,"column":1}}},"branchMap":{"1":{"line":16,"type":"if","locations":[{"start":{"line":16,"column":6},"end":{"line":16,"column":6}},{"start":{"line":16,"column":6},"end":{"line":16,"column":6}}]},"2":{"line":16,"type":"binary-expr","locations":[{"start":{"line":16,"column":10},"end":{"line":16,"column":50}},{"start":{"line":16,"column":54},"end":{"line":16,"column":102}}]},"3":{"line":17,"type":"if","locations":[{"start":{"line":17,"column":8},"end":{"line":17,"column":8}},{"start":{"line":17,"column":8},"end":{"line":17,"column":8}}]},"4":{"line":19,"type":"if","locations":[{"start":{"line":19,"column":10},"end":{"line":19,"column":10}},{"start":{"line":19,"column":10},"end":{"line":19,"column":10}}]},"5":{"line":25,"type":"if","locations":[{"start":{"line":25,"column":8},"end":{"line":25,"column":8}},{"start":{"line":25,"column":8},"end":{"line":25,"column":8}}]},"6":{"line":26,"type":"if","locations":[{"start":{"line":26,"column":10},"end":{"line":26,"column":10}},{"start":{"line":26,"column":10},"end":{"line":26,"column":10}}]},"7":{"line":29,"type":"if","locations":[{"start":{"line":29,"column":10},"end":{"line":29,"column":10}},{"start":{"line":29,"column":10},"end":{"line":29,"column":10}}]},"8":{"line":34,"type":"if","locations":[{"start":{"line":34,"column":6},"end":{"line":34,"column":6}},{"start":{"line":34,"column":6},"end":{"line":34,"column":6}}]},"9":{"line":37,"type":"if","locations":[{"start":{"line":37,"column":6},"end":{"line":37,"column":6}},{"start":{"line":37,"column":6},"end":{"line":37,"column":6}}]},"10":{"line":38,"type":"if","locations":[{"start":{"line":38,"column":8},"end":{"line":38,"column":8}},{"start":{"line":38,"column":8},"end":{"line":38,"column":8}}]},"11":{"line":39,"type":"if","locations":[{"start":{"line":39,"column":10},"end":{"line":39,"column":10}},{"start":{"line":39,"column":10},"end":{"line":39,"column":10}}]},"12":{"line":40,"type":"if","locations":[{"start":{"line":40,"column":12},"end":{"line":40,"column":12}},{"start":{"line":40,"column":12},"end":{"line":40,"column":12}}]},"13":{"line":56,"type":"cond-expr","locations":[{"start":{"line":56,"column":30},"end":{"line":56,"column":45}},{"start":{"line":56,"column":48},"end":{"line":56,"column":49}}]},"14":{"line":63,"type":"cond-expr","locations":[{"start":{"line":63,"column":31},"end":{"line":63,"column":46}},{"start":{"line":63,"column":49},"end":{"line":63,"column":62}}]}}},"/Users/acidlabs/Documents/COTest/interview-coding-test/spec/coTestSpec.js":{"path":"/Users/acidlabs/Documents/COTest/interview-coding-test/spec/coTestSpec.js","s":{"1":1,"2":1,"3":1,"4":1,"5":1,"6":1,"7":1,"8":1,"9":1,"10":1,"11":1,"12":1,"13":1,"14":1,"15":1,"16":1,"17":1,"18":1,"19":1,"20":1,"21":1,"22":1,"23":1,"24":1,"25":1,"26":1,"27":1,"28":1,"29":1,"30":1,"31":1,"32":1,"33":1,"34":1,"35":1,"36":1,"37":1,"38":1,"39":1,"40":1,"41":1,"42":1,"43":1,"44":1,"45":1,"46":1,"47":1,"48":1,"49":1,"50":1,"51":1,"52":1,"53":1,"54":1,"55":1,"56":1,"57":1,"58":1,"59":1,"60":1,"61":1,"62":1,"63":1,"64":1,"65":1,"66":1,"67":1,"68":1,"69":1,"70":1,"71":1,"72":1,"73":1,"74":1,"75":1,"76":1,"77":1},"b":{},"f":{"1":1,"2":1,"3":1,"4":1,"5":1,"6":1,"7":1,"8":1,"9":1,"10":1,"11":1,"12":1,"13":1},"fnMap":{"1":{"name":"(anonymous_1)","line":7,"loc":{"start":{"line":7,"column":20},"end":{"line":7,"column":31}}},"2":{"name":"(anonymous_2)","line":9,"loc":{"start":{"line":9,"column":67},"end":{"line":9,"column":78}}},"3":{"name":"(anonymous_3)","line":17,"loc":{"start":{"line":17,"column":79},"end":{"line":17,"column":90}}},"4":{"name":"(anonymous_4)","line":25,"loc":{"start":{"line":25,"column":64},"end":{"line":25,"column":75}}},"5":{"name":"(anonymous_5)","line":33,"loc":{"start":{"line":33,"column":57},"end":{"line":33,"column":68}}},"6":{"name":"(anonymous_6)","line":41,"loc":{"start":{"line":41,"column":57},"end":{"line":41,"column":68}}},"7":{"name":"(anonymous_7)","line":49,"loc":{"start":{"line":49,"column":90},"end":{"line":49,"column":101}}},"8":{"name":"(anonymous_8)","line":57,"loc":{"start":{"line":57,"column":90},"end":{"line":57,"column":101}}},"9":{"name":"(anonymous_9)","line":65,"loc":{"start":{"line":65,"column":90},"end":{"line":65,"column":101}}},"10":{"name":"(anonymous_10)","line":73,"loc":{"start":{"line":73,"column":90},"end":{"line":73,"column":101}}},"11":{"name":"(anonymous_11)","line":81,"loc":{"start":{"line":81,"column":58},"end":{"line":81,"column":69}}},"12":{"name":"(anonymous_12)","line":89,"loc":{"start":{"line":89,"column":58},"end":{"line":89,"column":69}}},"13":{"name":"(anonymous_13)","line":96,"loc":{"start":{"line":96,"column":58},"end":{"line":96,"column":69}}}},"statementMap":{"1":{"start":{"line":1,"column":0},"end":{"line":1,"column":38}},"2":{"start":{"line":3,"column":0},"end":{"line":3,"column":40}},"3":{"start":{"line":4,"column":0},"end":{"line":4,"column":41}},"4":{"start":{"line":5,"column":0},"end":{"line":5,"column":31}},"5":{"start":{"line":7,"column":0},"end":{"line":108,"column":3}},"6":{"start":{"line":9,"column":2},"end":{"line":15,"column":5}},"7":{"start":{"line":10,"column":4},"end":{"line":10,"column":80}},"8":{"start":{"line":11,"column":4},"end":{"line":11,"column":42}},"9":{"start":{"line":12,"column":4},"end":{"line":12,"column":54}},"10":{"start":{"line":13,"column":4},"end":{"line":13,"column":40}},"11":{"start":{"line":14,"column":4},"end":{"line":14,"column":40}},"12":{"start":{"line":17,"column":2},"end":{"line":23,"column":5}},"13":{"start":{"line":18,"column":4},"end":{"line":18,"column":76}},"14":{"start":{"line":19,"column":4},"end":{"line":19,"column":42}},"15":{"start":{"line":20,"column":4},"end":{"line":20,"column":52}},"16":{"start":{"line":21,"column":4},"end":{"line":21,"column":40}},"17":{"start":{"line":22,"column":4},"end":{"line":22,"column":39}},"18":{"start":{"line":25,"column":2},"end":{"line":31,"column":5}},"19":{"start":{"line":26,"column":4},"end":{"line":26,"column":75}},"20":{"start":{"line":27,"column":4},"end":{"line":27,"column":42}},"21":{"start":{"line":28,"column":4},"end":{"line":28,"column":51}},"22":{"start":{"line":29,"column":4},"end":{"line":29,"column":40}},"23":{"start":{"line":30,"column":4},"end":{"line":30,"column":39}},"24":{"start":{"line":33,"column":2},"end":{"line":39,"column":5}},"25":{"start":{"line":34,"column":4},"end":{"line":34,"column":77}},"26":{"start":{"line":35,"column":4},"end":{"line":35,"column":42}},"27":{"start":{"line":36,"column":4},"end":{"line":36,"column":52}},"28":{"start":{"line":37,"column":4},"end":{"line":37,"column":40}},"29":{"start":{"line":38,"column":4},"end":{"line":38,"column":40}},"30":{"start":{"line":41,"column":2},"end":{"line":47,"column":5}},"31":{"start":{"line":42,"column":4},"end":{"line":42,"column":78}},"32":{"start":{"line":43,"column":4},"end":{"line":43,"column":42}},"33":{"start":{"line":44,"column":4},"end":{"line":44,"column":52}},"34":{"start":{"line":45,"column":4},"end":{"line":45,"column":41}},"35":{"start":{"line":46,"column":4},"end":{"line":46,"column":40}},"36":{"start":{"line":49,"column":2},"end":{"line":55,"column":5}},"37":{"start":{"line":50,"column":4},"end":{"line":50,"column":86}},"38":{"start":{"line":51,"column":4},"end":{"line":51,"column":42}},"39":{"start":{"line":52,"column":4},"end":{"line":52,"column":60}},"40":{"start":{"line":53,"column":4},"end":{"line":53,"column":41}},"41":{"start":{"line":54,"column":4},"end":{"line":54,"column":40}},"42":{"start":{"line":57,"column":2},"end":{"line":63,"column":5}},"43":{"start":{"line":58,"column":4},"end":{"line":58,"column":86}},"44":{"start":{"line":59,"column":4},"end":{"line":59,"column":42}},"45":{"start":{"line":60,"column":4},"end":{"line":60,"column":60}},"46":{"start":{"line":61,"column":4},"end":{"line":61,"column":40}},"47":{"start":{"line":62,"column":4},"end":{"line":62,"column":40}},"48":{"start":{"line":65,"column":2},"end":{"line":71,"column":5}},"49":{"start":{"line":66,"column":4},"end":{"line":66,"column":85}},"50":{"start":{"line":67,"column":4},"end":{"line":67,"column":42}},"51":{"start":{"line":68,"column":4},"end":{"line":68,"column":60}},"52":{"start":{"line":69,"column":4},"end":{"line":69,"column":40}},"53":{"start":{"line":70,"column":4},"end":{"line":70,"column":40}},"54":{"start":{"line":73,"column":2},"end":{"line":79,"column":5}},"55":{"start":{"line":74,"column":4},"end":{"line":74,"column":73}},"56":{"start":{"line":75,"column":4},"end":{"line":75,"column":42}},"57":{"start":{"line":76,"column":4},"end":{"line":76,"column":49}},"58":{"start":{"line":77,"column":4},"end":{"line":77,"column":40}},"59":{"start":{"line":78,"column":4},"end":{"line":78,"column":39}},"60":{"start":{"line":81,"column":2},"end":{"line":87,"column":5}},"61":{"start":{"line":82,"column":4},"end":{"line":82,"column":76}},"62":{"start":{"line":83,"column":4},"end":{"line":83,"column":42}},"63":{"start":{"line":84,"column":4},"end":{"line":84,"column":51}},"64":{"start":{"line":85,"column":4},"end":{"line":85,"column":41}},"65":{"start":{"line":86,"column":4},"end":{"line":86,"column":39}},"66":{"start":{"line":89,"column":2},"end":{"line":95,"column":5}},"67":{"start":{"line":90,"column":4},"end":{"line":90,"column":85}},"68":{"start":{"line":91,"column":4},"end":{"line":91,"column":42}},"69":{"start":{"line":92,"column":4},"end":{"line":92,"column":60}},"70":{"start":{"line":93,"column":4},"end":{"line":93,"column":41}},"71":{"start":{"line":94,"column":4},"end":{"line":94,"column":39}},"72":{"start":{"line":96,"column":2},"end":{"line":102,"column":5}},"73":{"start":{"line":97,"column":4},"end":{"line":97,"column":77}},"74":{"start":{"line":98,"column":4},"end":{"line":98,"column":42}},"75":{"start":{"line":99,"column":4},"end":{"line":99,"column":52}},"76":{"start":{"line":100,"column":4},"end":{"line":100,"column":41}},"77":{"start":{"line":101,"column":4},"end":{"line":101,"column":39}}},"branchMap":{}}}