TN:
SF:/Users/acidlabs/Documents/COTest/interview-coding-test/spec/coTest-30.js
FNF:0
FNH:0
DA:2,1
DA:3,1
DA:4,1
DA:5,1
DA:17,1
DA:18,1
DA:19,270
DA:22,1
DA:23,30
DA:24,30
DA:25,30
DA:26,30
LF:12
LH:12
BRF:0
BRH:0
end_of_record
TN:
SF:/Users/acidlabs/Documents/COTest/interview-coding-test/src/coTest.js
FN:2,(anonymous_1)
FN:10,(anonymous_2)
FN:14,(anonymous_3)
FNF:3
FNH:3
FNDA:21,(anonymous_1)
FNDA:13,(anonymous_2)
FNDA:42,(anonymous_3)
DA:3,21
DA:4,21
DA:5,21
DA:11,13
DA:15,42
DA:16,282
DA:17,156
DA:18,94
DA:19,94
DA:20,31
DA:24,126
DA:25,126
DA:26,94
DA:27,88
DA:29,94
DA:30,77
DA:34,282
DA:35,220
DA:37,282
DA:38,232
DA:39,202
DA:40,138
DA:41,76
DA:44,64
DA:47,30
DA:51,42
DA:55,1
DA:56,201
DA:57,201
DA:58,201
DA:61,1
DA:63,321
DA:64,321
DA:67,1
DA:68,220
DA:71,1
LF:36
LH:36
BRDA:16,1,0,156
BRDA:16,1,1,126
BRDA:16,2,0,282
BRDA:16,2,1,250
BRDA:17,3,0,94
BRDA:17,3,1,62
BRDA:19,4,0,31
BRDA:19,4,1,63
BRDA:25,5,0,94
BRDA:25,5,1,32
BRDA:26,6,0,88
BRDA:26,6,1,6
BRDA:29,7,0,77
BRDA:29,7,1,17
BRDA:34,8,0,220
BRDA:34,8,1,62
BRDA:37,9,0,232
BRDA:37,9,1,50
BRDA:38,10,0,202
BRDA:38,10,1,30
BRDA:39,11,0,138
BRDA:39,11,1,64
BRDA:40,12,0,76
BRDA:40,12,1,62
BRDA:56,13,0,39
BRDA:56,13,1,162
BRDA:63,14,0,271
BRDA:63,14,1,50
BRF:28
BRH:28
end_of_record
TN:
SF:/Users/acidlabs/Documents/COTest/interview-coding-test/spec/coTestSpec.js
FN:7,(anonymous_1)
FN:9,(anonymous_2)
FN:17,(anonymous_3)
FN:25,(anonymous_4)
FN:33,(anonymous_5)
FN:41,(anonymous_6)
FN:49,(anonymous_7)
FN:57,(anonymous_8)
FN:65,(anonymous_9)
FN:73,(anonymous_10)
FN:81,(anonymous_11)
FN:89,(anonymous_12)
FN:96,(anonymous_13)
FNF:13
FNH:13
FNDA:1,(anonymous_1)
FNDA:1,(anonymous_2)
FNDA:1,(anonymous_3)
FNDA:1,(anonymous_4)
FNDA:1,(anonymous_5)
FNDA:1,(anonymous_6)
FNDA:1,(anonymous_7)
FNDA:1,(anonymous_8)
FNDA:1,(anonymous_9)
FNDA:1,(anonymous_10)
FNDA:1,(anonymous_11)
FNDA:1,(anonymous_12)
FNDA:1,(anonymous_13)
DA:1,1
DA:3,1
DA:4,1
DA:5,1
DA:7,1
DA:9,1
DA:10,1
DA:11,1
DA:12,1
DA:13,1
DA:14,1
DA:17,1
DA:18,1
DA:19,1
DA:20,1
DA:21,1
DA:22,1
DA:25,1
DA:26,1
DA:27,1
DA:28,1
DA:29,1
DA:30,1
DA:33,1
DA:34,1
DA:35,1
DA:36,1
DA:37,1
DA:38,1
DA:41,1
DA:42,1
DA:43,1
DA:44,1
DA:45,1
DA:46,1
DA:49,1
DA:50,1
DA:51,1
DA:52,1
DA:53,1
DA:54,1
DA:57,1
DA:58,1
DA:59,1
DA:60,1
DA:61,1
DA:62,1
DA:65,1
DA:66,1
DA:67,1
DA:68,1
DA:69,1
DA:70,1
DA:73,1
DA:74,1
DA:75,1
DA:76,1
DA:77,1
DA:78,1
DA:81,1
DA:82,1
DA:83,1
DA:84,1
DA:85,1
DA:86,1
DA:89,1
DA:90,1
DA:91,1
DA:92,1
DA:93,1
DA:94,1
DA:96,1
DA:97,1
DA:98,1
DA:99,1
DA:100,1
DA:101,1
LF:77
LH:77
BRF:0
BRH:0
end_of_record
